[INFO] Scanning for projects...
[WARNING] 
[WARNING] Some problems were encountered while building the effective model for com.ericbarnhill:jmra:jar:0.0.1-SNAPSHOT
[WARNING] 'dependencies.dependency.(groupId:artifactId:type:classifier)' must be unique: junit:junit:jar -> version 3.8.1 vs 4.12 @ line 49, column 17
[WARNING] 
[WARNING] It is highly recommended to fix these problems because they threaten the stability of your build.
[WARNING] 
[WARNING] For this reason, future Maven versions might no longer support building such malformed projects.
[WARNING] 
[INFO]                                                                         
[INFO] ------------------------------------------------------------------------
[INFO] Building jmra 0.0.1-SNAPSHOT
[INFO] ------------------------------------------------------------------------
[INFO] 
[INFO] --- maven-resources-plugin:2.6:resources (default-resources) @ jmra ---
[INFO] Using 'UTF-8' encoding to copy filtered resources.
[INFO] skip non existing resourceDirectory /home/ericbarnhill/Documents/code/jmra/src/main/resources
[INFO] 
[INFO] --- maven-compiler-plugin:3.2:compile (default-compile) @ jmra ---
[INFO] Nothing to compile - all classes are up to date
[INFO] 
[INFO] --- maven-resources-plugin:2.6:testResources (default-testResources) @ jmra ---
[INFO] Using 'UTF-8' encoding to copy filtered resources.
[INFO] skip non existing resourceDirectory /home/ericbarnhill/Documents/code/jmra/src/test/resources
[INFO] 
[INFO] --- maven-compiler-plugin:3.2:testCompile (default-testCompile) @ jmra ---
[INFO] Changes detected - recompiling the module!
[INFO] Compiling 7 source files to /home/ericbarnhill/Documents/code/jmra/target/test-classes
[INFO] 
[INFO] --- maven-surefire-plugin:2.17:test (default-test) @ jmra ---
[INFO] Surefire report directory: /home/ericbarnhill/Documents/code/jmra/target/surefire-reports

-------------------------------------------------------
 T E S T S
-------------------------------------------------------
Running com.ericbarnhill.jmra.TestMRAUNoThresh
/home/ericbarnhill/Documents/code/jmra/target
/home/ericbarnhill/Documents/code/jmra/src/test/img/
Tests run: 1, Failures: 0, Errors: 0, Skipped: 0, Time elapsed: 0.801 sec - in com.ericbarnhill.jmra.TestMRAUNoThresh
Running com.ericbarnhill.jmra.Test3DSerial
MRA 3DU Serial Test
MRA 3D Serial Test
Tests run: 2, Failures: 0, Errors: 0, Skipped: 0, Time elapsed: 18.442 sec - in com.ericbarnhill.jmra.Test3DSerial
Running com.ericbarnhill.jmra.TestMRAExactRecovery
Test MRA 2D Exact Recovery
Mean difference: : 0.000MRA 3D Test
Tests run: 2, Failures: 0, Errors: 0, Skipped: 0, Time elapsed: 0.838 sec - in com.ericbarnhill.jmra.TestMRAExactRecovery
Running com.ericbarnhill.jmra.TestDualTreeNoThresh
No Thresh DT3D Serial
in dualtree get filtered data
Time serialized 208 sec
No Thresh MRE3DDT Test
No Thresh DualTree 2D Test
MRA2DDT Test
Tests run: 4, Failures: 0, Errors: 0, Skipped: 0, Time elapsed: 210.099 sec - in com.ericbarnhill.jmra.TestDualTreeNoThresh

Results :

Tests run: 9, Failures: 0, Errors: 0, Skipped: 0

[INFO] ------------------------------------------------------------------------
[INFO] BUILD SUCCESS
[INFO] ------------------------------------------------------------------------
[INFO] Total time: 03:53 min
[INFO] Finished at: 2018-01-08T13:07:13+01:00
[INFO] Final Memory: 20M/472M
[INFO] ------------------------------------------------------------------------
